Save database : Modification by user
Save repository element : Prod : Modification by user
Save database : Modification by user
Save repository element : local_cash_plus : Modification by user
Save database : Modification by user
Save repository element : Prod : Modification by user
Save database : Modification by user
Save repository element : Prod : Modification by user
Save database : Modification by user
Save repository element : Prod : Modification by user
Save database : Modification by user
Save repository element : local_cash_plus : Modification by user
Save database : Modification by user
Save repository element : Prod : Modification by user
Save database : Modification by user
Save repository element : Prod : Modification by user
Save database : Modification by user
Save repository element : local_cash_plus : Modification by user
Save repository element : Cnxxx : Creation of initial version
Save repository element : Cnx Odoo : Creation of initial version
Save database : Modification by user
Save repository element : Cnx fatine  : Modification by user
Save database : Modification by user
Save repository element : Cnx fatine  : Modification by user
Save database : Modification by user
Save repository element : Prod_rd : Modification by user
Save database : Modification by user
Save repository element : CP_CORE : Modification by user
Save database : Modification by user
Save repository element : Prod : Modification by user
Save database : Modification by user
Save repository element : Prod : Modification by user
Save database : Modification by user
Save repository element : Prod : Modification by user
Save repository element : reporting : Creation of initial version
Save database : Modification by user
Save repository element : reporting : Modification by user
